<?xml version="1.0" encoding="UTF-8"?>
<testng-results ignored="0" total="1" passed="1" failed="0" skipped="0">
  <reporter-output>
  </reporter-output>
  <suite started-at="2024-12-21T00:34:01 IST" name="Default suite" finished-at="2024-12-21T00:34:05 IST" duration-ms="3578">
    <groups>
    </groups>
    <test started-at="2024-12-21T00:34:01 IST" name="Default test" finished-at="2024-12-21T00:34:05 IST" duration-ms="3578">
      <class name="api.test.CityUserTaskValidationTest">
        <test-method signature="validateUsersWithMoreThan50PercentCompletedTasks()[pri:1, instance:api.test.CityUserTaskValidationTest@58cbafc2]" started-at="2024-12-21T00:34:01 IST" name="validateUsersWithMoreThan50PercentCompletedTasks" finished-at="2024-12-21T00:34:05 IST" duration-ms="3526" status="PASS">
          <reporter-output>
          </reporter-output>
        </test-method> <!-- validateUsersWithMoreThan50PercentCompletedTasks -->
      </class> <!-- api.test.CityUserTaskValidationTest -->
    </test> <!-- Default test -->
  </suite> <!-- Default suite -->
</testng-results>
